Traced on 2024-07-23 06:02:49
FileAccessForInclusion - 
/home/u255923749/domains/smartrecruitmentsolution.com/public_html/unical/include/utils/CommonUtils.php::checkFileAccessForInclusion::388<br>
/home/u255923749/domains/smartrecruitmentsolution.com/public_html/unical/data/CRMEntity.php::checkFileAccessForInclusion::57<br>
/home/u255923749/domains/smartrecruitmentsolution.com/public_html/unical/data/CRMEntity.php::getInstance::1372<br>
/home/u255923749/domains/smartrecruitmentsolution.com/public_html/unical/modules/Calendar/Activity.php::unlinkDependencies::902<br>
/home/u255923749/domains/smartrecruitmentsolution.com/public_html/unical/data/CRMEntity.php::unlinkDependencies::1345<br>
/home/u255923749/domains/smartrecruitmentsolution.com/public_html/unical/modules/Vtiger/models/Module.php::trash::180<br>
/home/u255923749/domains/smartrecruitmentsolution.com/public_html/unical/modules/Calendar/models/Record.php::deleteRecord::134<br>
/home/u255923749/domains/smartrecruitmentsolution.com/public_html/unical/modules/Calendar/actions/DeleteAjax.php::delete::48<br>
/home/u255923749/domains/smartrecruitmentsolution.com/public_html/unical/includes/main/WebUI.php::process::215<br>
/home/u255923749/domains/smartrecruitmentsolution.com/public_html/unical/index.php::process::26<br>

Traced on 2024-07-23 06:02:53
FileAccessForInclusion - 
/home/u255923749/domains/smartrecruitmentsolution.com/public_html/unical/include/utils/CommonUtils.php::checkFileAccessForInclusion::388<br>
/home/u255923749/domains/smartrecruitmentsolution.com/public_html/unical/data/CRMEntity.php::checkFileAccessForInclusion::57<br>
/home/u255923749/domains/smartrecruitmentsolution.com/public_html/unical/data/CRMEntity.php::getInstance::1372<br>
/home/u255923749/domains/smartrecruitmentsolution.com/public_html/unical/modules/Calendar/Activity.php::unlinkDependencies::902<br>
/home/u255923749/domains/smartrecruitmentsolution.com/public_html/unical/data/CRMEntity.php::unlinkDependencies::1345<br>
/home/u255923749/domains/smartrecruitmentsolution.com/public_html/unical/modules/Vtiger/models/Module.php::trash::180<br>
/home/u255923749/domains/smartrecruitmentsolution.com/public_html/unical/modules/Calendar/models/Record.php::deleteRecord::134<br>
/home/u255923749/domains/smartrecruitmentsolution.com/public_html/unical/modules/Calendar/actions/DeleteAjax.php::delete::48<br>
/home/u255923749/domains/smartrecruitmentsolution.com/public_html/unical/includes/main/WebUI.php::process::215<br>
/home/u255923749/domains/smartrecruitmentsolution.com/public_html/unical/index.php::process::26<br>

Traced on 2024-07-23 07:59:13
FileAccessForInclusion - 
/home/u255923749/domains/smartrecruitmentsolution.com/public_html/unical/include/utils/CommonUtils.php::checkFileAccessForInclusion::388<br>
/home/u255923749/domains/smartrecruitmentsolution.com/public_html/unical/data/CRMEntity.php::checkFileAccessForInclusion::57<br>
/home/u255923749/domains/smartrecruitmentsolution.com/public_html/unical/data/CRMEntity.php::getInstance::1372<br>
/home/u255923749/domains/smartrecruitmentsolution.com/public_html/unical/modules/Calendar/Activity.php::unlinkDependencies::902<br>
/home/u255923749/domains/smartrecruitmentsolution.com/public_html/unical/data/CRMEntity.php::unlinkDependencies::1345<br>
/home/u255923749/domains/smartrecruitmentsolution.com/public_html/unical/modules/Vtiger/models/Module.php::trash::180<br>
/home/u255923749/domains/smartrecruitmentsolution.com/public_html/unical/modules/Calendar/models/Record.php::deleteRecord::134<br>
/home/u255923749/domains/smartrecruitmentsolution.com/public_html/unical/modules/Calendar/actions/DeleteAjax.php::delete::48<br>
/home/u255923749/domains/smartrecruitmentsolution.com/public_html/unical/includes/main/WebUI.php::process::215<br>
/home/u255923749/domains/smartrecruitmentsolution.com/public_html/unical/index.php::process::26<br>

Traced on 2024-08-01 05:09:45
FileAccessForInclusion - 
/home/u255923749/domains/smartrecruitmentsolution.com/public_html/unical/include/utils/CommonUtils.php::checkFileAccessForInclusion::388<br>
/home/u255923749/domains/smartrecruitmentsolution.com/public_html/unical/data/CRMEntity.php::checkFileAccessForInclusion::57<br>
/home/u255923749/domains/smartrecruitmentsolution.com/public_html/unical/data/CRMEntity.php::getInstance::1372<br>
/home/u255923749/domains/smartrecruitmentsolution.com/public_html/unical/modules/Accounts/Accounts.php::unlinkDependencies::1391<br>
/home/u255923749/domains/smartrecruitmentsolution.com/public_html/unical/data/CRMEntity.php::unlinkDependencies::1345<br>
/home/u255923749/domains/smartrecruitmentsolution.com/public_html/unical/modules/Vtiger/models/Module.php::trash::180<br>
/home/u255923749/domains/smartrecruitmentsolution.com/public_html/unical/modules/Vtiger/models/Record.php::deleteRecord::266<br>
/home/u255923749/domains/smartrecruitmentsolution.com/public_html/unical/modules/Vtiger/actions/MassDelete.php::delete::40<br>
/home/u255923749/domains/smartrecruitmentsolution.com/public_html/unical/includes/main/WebUI.php::process::215<br>
/home/u255923749/domains/smartrecruitmentsolution.com/public_html/unical/index.php::process::26<br>

Traced on 2024-08-01 09:02:17
FileAccessForInclusion - 
/home/u255923749/domains/smartrecruitmentsolution.com/public_html/unical/include/utils/CommonUtils.php::checkFileAccessForInclusion::388<br>
/home/u255923749/domains/smartrecruitmentsolution.com/public_html/unical/data/CRMEntity.php::checkFileAccessForInclusion::57<br>
/home/u255923749/domains/smartrecruitmentsolution.com/public_html/unical/data/CRMEntity.php::getInstance::1372<br>
/home/u255923749/domains/smartrecruitmentsolution.com/public_html/unical/modules/Accounts/Accounts.php::unlinkDependencies::1391<br>
/home/u255923749/domains/smartrecruitmentsolution.com/public_html/unical/data/CRMEntity.php::unlinkDependencies::1345<br>
/home/u255923749/domains/smartrecruitmentsolution.com/public_html/unical/modules/Vtiger/models/Module.php::trash::180<br>
/home/u255923749/domains/smartrecruitmentsolution.com/public_html/unical/modules/Vtiger/models/Record.php::deleteRecord::266<br>
/home/u255923749/domains/smartrecruitmentsolution.com/public_html/unical/modules/Vtiger/actions/MassDelete.php::delete::40<br>
/home/u255923749/domains/smartrecruitmentsolution.com/public_html/unical/includes/main/WebUI.php::process::215<br>
/home/u255923749/domains/smartrecruitmentsolution.com/public_html/unical/index.php::process::26<br>

Traced on 2024-08-04 09:59:58
FileAccessForInclusion - 
/home/u255923749/domains/smartrecruitmentsolution.com/public_html/unical/include/utils/CommonUtils.php::checkFileAccessForInclusion::388<br>
/home/u255923749/domains/smartrecruitmentsolution.com/public_html/unical/data/CRMEntity.php::checkFileAccessForInclusion::57<br>
/home/u255923749/domains/smartrecruitmentsolution.com/public_html/unical/data/CRMEntity.php::getInstance::1372<br>
/home/u255923749/domains/smartrecruitmentsolution.com/public_html/unical/modules/Contacts/Contacts.php::unlinkDependencies::1475<br>
/home/u255923749/domains/smartrecruitmentsolution.com/public_html/unical/data/CRMEntity.php::unlinkDependencies::1345<br>
/home/u255923749/domains/smartrecruitmentsolution.com/public_html/unical/modules/Vtiger/models/Module.php::trash::180<br>
/home/u255923749/domains/smartrecruitmentsolution.com/public_html/unical/modules/Vtiger/models/Record.php::deleteRecord::266<br>
/home/u255923749/domains/smartrecruitmentsolution.com/public_html/unical/modules/Vtiger/actions/MassDelete.php::delete::40<br>
/home/u255923749/domains/smartrecruitmentsolution.com/public_html/unical/includes/main/WebUI.php::process::215<br>
/home/u255923749/domains/smartrecruitmentsolution.com/public_html/unical/index.php::process::33<br>

Traced on 2024-08-05 04:20:02
FileAccessForInclusion - 
/home/u255923749/domains/smartrecruitmentsolution.com/public_html/unical/include/utils/CommonUtils.php::checkFileAccessForInclusion::388<br>
/home/u255923749/domains/smartrecruitmentsolution.com/public_html/unical/data/CRMEntity.php::checkFileAccessForInclusion::57<br>
/home/u255923749/domains/smartrecruitmentsolution.com/public_html/unical/data/CRMEntity.php::getInstance::1372<br>
/home/u255923749/domains/smartrecruitmentsolution.com/public_html/unical/modules/Contacts/Contacts.php::unlinkDependencies::1475<br>
/home/u255923749/domains/smartrecruitmentsolution.com/public_html/unical/data/CRMEntity.php::unlinkDependencies::1345<br>
/home/u255923749/domains/smartrecruitmentsolution.com/public_html/unical/modules/Vtiger/models/Module.php::trash::180<br>
/home/u255923749/domains/smartrecruitmentsolution.com/public_html/unical/modules/Vtiger/models/Record.php::deleteRecord::266<br>
/home/u255923749/domains/smartrecruitmentsolution.com/public_html/unical/modules/Vtiger/actions/MassDelete.php::delete::40<br>
/home/u255923749/domains/smartrecruitmentsolution.com/public_html/unical/includes/main/WebUI.php::process::215<br>
/home/u255923749/domains/smartrecruitmentsolution.com/public_html/unical/index.php::process::33<br>

Traced on 2024-08-05 04:20:14
FileAccessForInclusion - 
/home/u255923749/domains/smartrecruitmentsolution.com/public_html/unical/include/utils/CommonUtils.php::checkFileAccessForInclusion::388<br>
/home/u255923749/domains/smartrecruitmentsolution.com/public_html/unical/data/CRMEntity.php::checkFileAccessForInclusion::57<br>
/home/u255923749/domains/smartrecruitmentsolution.com/public_html/unical/data/CRMEntity.php::getInstance::1372<br>
/home/u255923749/domains/smartrecruitmentsolution.com/public_html/unical/modules/Contacts/Contacts.php::unlinkDependencies::1475<br>
/home/u255923749/domains/smartrecruitmentsolution.com/public_html/unical/data/CRMEntity.php::unlinkDependencies::1345<br>
/home/u255923749/domains/smartrecruitmentsolution.com/public_html/unical/modules/Vtiger/models/Module.php::trash::180<br>
/home/u255923749/domains/smartrecruitmentsolution.com/public_html/unical/modules/Vtiger/models/Record.php::deleteRecord::266<br>
/home/u255923749/domains/smartrecruitmentsolution.com/public_html/unical/modules/Vtiger/actions/MassDelete.php::delete::40<br>
/home/u255923749/domains/smartrecruitmentsolution.com/public_html/unical/includes/main/WebUI.php::process::215<br>
/home/u255923749/domains/smartrecruitmentsolution.com/public_html/unical/index.php::process::33<br>

Traced on 2024-08-05 04:32:49
FileAccessForInclusion - 
/home/u255923749/domains/smartrecruitmentsolution.com/public_html/unical/include/utils/CommonUtils.php::checkFileAccessForInclusion::388<br>
/home/u255923749/domains/smartrecruitmentsolution.com/public_html/unical/data/CRMEntity.php::checkFileAccessForInclusion::57<br>
/home/u255923749/domains/smartrecruitmentsolution.com/public_html/unical/data/CRMEntity.php::getInstance::1372<br>
/home/u255923749/domains/smartrecruitmentsolution.com/public_html/unical/modules/Contacts/Contacts.php::unlinkDependencies::1475<br>
/home/u255923749/domains/smartrecruitmentsolution.com/public_html/unical/data/CRMEntity.php::unlinkDependencies::1345<br>
/home/u255923749/domains/smartrecruitmentsolution.com/public_html/unical/modules/Vtiger/models/Module.php::trash::180<br>
/home/u255923749/domains/smartrecruitmentsolution.com/public_html/unical/modules/Vtiger/models/Record.php::deleteRecord::266<br>
/home/u255923749/domains/smartrecruitmentsolution.com/public_html/unical/modules/Vtiger/actions/MassDelete.php::delete::40<br>
/home/u255923749/domains/smartrecruitmentsolution.com/public_html/unical/includes/main/WebUI.php::process::215<br>
/home/u255923749/domains/smartrecruitmentsolution.com/public_html/unical/index.php::process::33<br>

Traced on 2024-08-07 00:11:15
FileAccessForInclusion - 
/home/u255923749/domains/smartrecruitmentsolution.com/public_html/unical/include/utils/CommonUtils.php::checkFileAccessForInclusion::388<br>
/home/u255923749/domains/smartrecruitmentsolution.com/public_html/unical/data/CRMEntity.php::checkFileAccessForInclusion::57<br>
/home/u255923749/domains/smartrecruitmentsolution.com/public_html/unical/include/utils/ListViewUtils.php::getInstance::777<br>
/home/u255923749/domains/smartrecruitmentsolution.com/public_html/unical/modules/Reports/ReportRun.php::listQueryNonAdminChange::3022<br>
/home/u255923749/domains/smartrecruitmentsolution.com/public_html/unical/modules/Reports/models/Record.php::sGetSQLforReport::769<br>
/home/u255923749/domains/smartrecruitmentsolution.com/public_html/unical/modules/Reports/models/ScheduleReports.php::getReportSQL::327<br>
/home/u255923749/domains/smartrecruitmentsolution.com/public_html/unical/cron/modules/Reports/ScheduleReports.service::runScheduledReports::13<br>
/home/u255923749/domains/smartrecruitmentsolution.com/public_html/unical/vtigercron.php::require_once::84<br>

Traced on 2024-08-15 04:24:52
FileAccessForInclusion - 
/home/u255923749/domains/smartrecruitmentsolution.com/public_html/unical/include/utils/CommonUtils.php::checkFileAccessForInclusion::388<br>
/home/u255923749/domains/smartrecruitmentsolution.com/public_html/unical/includes/Loader.php::checkFileAccessForInclusion::65<br>
/home/u255923749/domains/smartrecruitmentsolution.com/public_html/unical/includes/Loader.php::includeOnce::191<br>
/home/u255923749/domains/smartrecruitmentsolution.com/public_html/unical/includes/main/WebUI.php::vimport::15<br>
/home/u255923749/domains/smartrecruitmentsolution.com/public_html/unical/index.php::include_once::30<br>

Traced on 2024-08-15 04:25:02
FileAccessForInclusion - 
/home/u255923749/domains/smartrecruitmentsolution.com/public_html/unical/include/utils/CommonUtils.php::checkFileAccessForInclusion::388<br>
/home/u255923749/domains/smartrecruitmentsolution.com/public_html/unical/includes/Loader.php::checkFileAccessForInclusion::65<br>
/home/u255923749/domains/smartrecruitmentsolution.com/public_html/unical/includes/Loader.php::includeOnce::191<br>
/home/u255923749/domains/smartrecruitmentsolution.com/public_html/unical/vtigercron.php::vimport::24<br>

Traced on 2024-08-15 04:25:39
FileAccessForInclusion - 
/home/u255923749/domains/smartrecruitmentsolution.com/public_html/unical/include/utils/CommonUtils.php::checkFileAccessForInclusion::388<br>
/home/u255923749/domains/smartrecruitmentsolution.com/public_html/unical/includes/Loader.php::checkFileAccessForInclusion::65<br>
/home/u255923749/domains/smartrecruitmentsolution.com/public_html/unical/includes/Loader.php::includeOnce::191<br>
/home/u255923749/domains/smartrecruitmentsolution.com/public_html/unical/includes/main/WebUI.php::vimport::15<br>
/home/u255923749/domains/smartrecruitmentsolution.com/public_html/unical/index.php::include_once::30<br>

Traced on 2024-08-15 04:28:53
FileAccessForInclusion - 
/home/u255923749/domains/smartrecruitmentsolution.com/public_html/uni/include/utils/CommonUtils.php::checkFileAccessForInclusion::388<br>
/home/u255923749/domains/smartrecruitmentsolution.com/public_html/uni/includes/Loader.php::checkFileAccessForInclusion::65<br>
/home/u255923749/domains/smartrecruitmentsolution.com/public_html/uni/includes/Loader.php::includeOnce::191<br>
/home/u255923749/domains/smartrecruitmentsolution.com/public_html/uni/includes/main/WebUI.php::vimport::15<br>
/home/u255923749/domains/smartrecruitmentsolution.com/public_html/uni/index.php::include_once::30<br>

Traced on 2024-08-15 04:28:55
FileAccessForInclusion - 
/home/u255923749/domains/smartrecruitmentsolution.com/public_html/uni/include/utils/CommonUtils.php::checkFileAccessForInclusion::388<br>
/home/u255923749/domains/smartrecruitmentsolution.com/public_html/uni/includes/Loader.php::checkFileAccessForInclusion::65<br>
/home/u255923749/domains/smartrecruitmentsolution.com/public_html/uni/includes/Loader.php::includeOnce::191<br>
/home/u255923749/domains/smartrecruitmentsolution.com/public_html/uni/includes/main/WebUI.php::vimport::15<br>
/home/u255923749/domains/smartrecruitmentsolution.com/public_html/uni/index.php::include_once::30<br>

Traced on 2024-08-15 04:29:01
FileAccessForInclusion - 
/home/u255923749/domains/smartrecruitmentsolution.com/public_html/uni/include/utils/CommonUtils.php::checkFileAccessForInclusion::388<br>
/home/u255923749/domains/smartrecruitmentsolution.com/public_html/uni/includes/Loader.php::checkFileAccessForInclusion::65<br>
/home/u255923749/domains/smartrecruitmentsolution.com/public_html/uni/includes/Loader.php::includeOnce::191<br>
/home/u255923749/domains/smartrecruitmentsolution.com/public_html/uni/includes/main/WebUI.php::vimport::15<br>
/home/u255923749/domains/smartrecruitmentsolution.com/public_html/uni/index.php::include_once::30<br>

Traced on 2024-08-15 04:33:53
FileAccessForInclusion - 
/home/u255923749/domains/smartrecruitmentsolution.com/public_html/unical/include/utils/CommonUtils.php::checkFileAccessForInclusion::388<br>
/home/u255923749/domains/smartrecruitmentsolution.com/public_html/unical/data/CRMEntity.php::checkFileAccessForInclusion::57<br>
/home/u255923749/domains/smartrecruitmentsolution.com/public_html/unical/data/CRMEntity.php::getInstance::1372<br>
/home/u255923749/domains/smartrecruitmentsolution.com/public_html/unical/data/CRMEntity.php::unlinkDependencies::1345<br>
/home/u255923749/domains/smartrecruitmentsolution.com/public_html/unical/modules/Vtiger/models/Module.php::trash::180<br>
/home/u255923749/domains/smartrecruitmentsolution.com/public_html/unical/modules/Vtiger/models/Record.php::deleteRecord::266<br>
/home/u255923749/domains/smartrecruitmentsolution.com/public_html/unical/modules/Vtiger/actions/MassDelete.php::delete::40<br>
/home/u255923749/domains/smartrecruitmentsolution.com/public_html/unical/includes/main/WebUI.php::process::215<br>
/home/u255923749/domains/smartrecruitmentsolution.com/public_html/unical/index.php::process::33<br>

Traced on 2024-08-15 04:43:25
FileAccessForInclusion - 
/home/u255923749/domains/smartrecruitmentsolution.com/public_html/unical/include/utils/CommonUtils.php::checkFileAccessForInclusion::388<br>
/home/u255923749/domains/smartrecruitmentsolution.com/public_html/unical/data/CRMEntity.php::checkFileAccessForInclusion::57<br>
/home/u255923749/domains/smartrecruitmentsolution.com/public_html/unical/data/CRMEntity.php::getInstance::1372<br>
/home/u255923749/domains/smartrecruitmentsolution.com/public_html/unical/data/CRMEntity.php::unlinkDependencies::1345<br>
/home/u255923749/domains/smartrecruitmentsolution.com/public_html/unical/modules/Vtiger/models/Module.php::trash::180<br>
/home/u255923749/domains/smartrecruitmentsolution.com/public_html/unical/modules/Vtiger/models/Record.php::deleteRecord::266<br>
/home/u255923749/domains/smartrecruitmentsolution.com/public_html/unical/modules/Vtiger/actions/MassDelete.php::delete::40<br>
/home/u255923749/domains/smartrecruitmentsolution.com/public_html/unical/includes/main/WebUI.php::process::215<br>
/home/u255923749/domains/smartrecruitmentsolution.com/public_html/unical/index.php::process::33<br>

Traced on 2024-08-15 04:43:43
FileAccessForInclusion - 
/home/u255923749/domains/smartrecruitmentsolution.com/public_html/unical/include/utils/CommonUtils.php::checkFileAccessForInclusion::388<br>
/home/u255923749/domains/smartrecruitmentsolution.com/public_html/unical/data/CRMEntity.php::checkFileAccessForInclusion::57<br>
/home/u255923749/domains/smartrecruitmentsolution.com/public_html/unical/data/CRMEntity.php::getInstance::1372<br>
/home/u255923749/domains/smartrecruitmentsolution.com/public_html/unical/data/CRMEntity.php::unlinkDependencies::1345<br>
/home/u255923749/domains/smartrecruitmentsolution.com/public_html/unical/modules/Vtiger/models/Module.php::trash::180<br>
/home/u255923749/domains/smartrecruitmentsolution.com/public_html/unical/modules/Vtiger/models/Record.php::deleteRecord::266<br>
/home/u255923749/domains/smartrecruitmentsolution.com/public_html/unical/modules/Vtiger/actions/MassDelete.php::delete::40<br>
/home/u255923749/domains/smartrecruitmentsolution.com/public_html/unical/includes/main/WebUI.php::process::215<br>
/home/u255923749/domains/smartrecruitmentsolution.com/public_html/unical/index.php::process::33<br>

Traced on 2024-08-15 04:46:28
FileAccessForInclusion - 
/home/u255923749/domains/smartrecruitmentsolution.com/public_html/unical/include/utils/CommonUtils.php::checkFileAccessForInclusion::388<br>
/home/u255923749/domains/smartrecruitmentsolution.com/public_html/unical/data/CRMEntity.php::checkFileAccessForInclusion::57<br>
/home/u255923749/domains/smartrecruitmentsolution.com/public_html/unical/data/CRMEntity.php::getInstance::1372<br>
/home/u255923749/domains/smartrecruitmentsolution.com/public_html/unical/data/CRMEntity.php::unlinkDependencies::1345<br>
/home/u255923749/domains/smartrecruitmentsolution.com/public_html/unical/modules/Vtiger/models/Module.php::trash::180<br>
/home/u255923749/domains/smartrecruitmentsolution.com/public_html/unical/modules/Vtiger/models/Record.php::deleteRecord::266<br>
/home/u255923749/domains/smartrecruitmentsolution.com/public_html/unical/modules/Vtiger/actions/MassDelete.php::delete::40<br>
/home/u255923749/domains/smartrecruitmentsolution.com/public_html/unical/includes/main/WebUI.php::process::215<br>
/home/u255923749/domains/smartrecruitmentsolution.com/public_html/unical/index.php::process::33<br>

Traced on 2024-08-15 04:46:34
FileAccessForInclusion - 
/home/u255923749/domains/smartrecruitmentsolution.com/public_html/unical/include/utils/CommonUtils.php::checkFileAccessForInclusion::388<br>
/home/u255923749/domains/smartrecruitmentsolution.com/public_html/unical/data/CRMEntity.php::checkFileAccessForInclusion::57<br>
/home/u255923749/domains/smartrecruitmentsolution.com/public_html/unical/data/CRMEntity.php::getInstance::1372<br>
/home/u255923749/domains/smartrecruitmentsolution.com/public_html/unical/data/CRMEntity.php::unlinkDependencies::1345<br>
/home/u255923749/domains/smartrecruitmentsolution.com/public_html/unical/modules/Vtiger/models/Module.php::trash::180<br>
/home/u255923749/domains/smartrecruitmentsolution.com/public_html/unical/modules/Vtiger/models/Record.php::deleteRecord::266<br>
/home/u255923749/domains/smartrecruitmentsolution.com/public_html/unical/modules/Vtiger/actions/MassDelete.php::delete::40<br>
/home/u255923749/domains/smartrecruitmentsolution.com/public_html/unical/includes/main/WebUI.php::process::215<br>
/home/u255923749/domains/smartrecruitmentsolution.com/public_html/unical/index.php::process::33<br>

Traced on 2024-08-15 04:46:40
FileAccessForInclusion - 
/home/u255923749/domains/smartrecruitmentsolution.com/public_html/unical/include/utils/CommonUtils.php::checkFileAccessForInclusion::388<br>
/home/u255923749/domains/smartrecruitmentsolution.com/public_html/unical/data/CRMEntity.php::checkFileAccessForInclusion::57<br>
/home/u255923749/domains/smartrecruitmentsolution.com/public_html/unical/data/CRMEntity.php::getInstance::1372<br>
/home/u255923749/domains/smartrecruitmentsolution.com/public_html/unical/data/CRMEntity.php::unlinkDependencies::1345<br>
/home/u255923749/domains/smartrecruitmentsolution.com/public_html/unical/modules/Vtiger/models/Module.php::trash::180<br>
/home/u255923749/domains/smartrecruitmentsolution.com/public_html/unical/modules/Vtiger/models/Record.php::deleteRecord::266<br>
/home/u255923749/domains/smartrecruitmentsolution.com/public_html/unical/modules/Vtiger/actions/MassDelete.php::delete::40<br>
/home/u255923749/domains/smartrecruitmentsolution.com/public_html/unical/includes/main/WebUI.php::process::215<br>
/home/u255923749/domains/smartrecruitmentsolution.com/public_html/unical/index.php::process::33<br>

Traced on 2024-08-15 04:46:45
FileAccessForInclusion - 
/home/u255923749/domains/smartrecruitmentsolution.com/public_html/unical/include/utils/CommonUtils.php::checkFileAccessForInclusion::388<br>
/home/u255923749/domains/smartrecruitmentsolution.com/public_html/unical/data/CRMEntity.php::checkFileAccessForInclusion::57<br>
/home/u255923749/domains/smartrecruitmentsolution.com/public_html/unical/data/CRMEntity.php::getInstance::1372<br>
/home/u255923749/domains/smartrecruitmentsolution.com/public_html/unical/data/CRMEntity.php::unlinkDependencies::1345<br>
/home/u255923749/domains/smartrecruitmentsolution.com/public_html/unical/modules/Vtiger/models/Module.php::trash::180<br>
/home/u255923749/domains/smartrecruitmentsolution.com/public_html/unical/modules/Vtiger/models/Record.php::deleteRecord::266<br>
/home/u255923749/domains/smartrecruitmentsolution.com/public_html/unical/modules/Vtiger/actions/MassDelete.php::delete::40<br>
/home/u255923749/domains/smartrecruitmentsolution.com/public_html/unical/includes/main/WebUI.php::process::215<br>
/home/u255923749/domains/smartrecruitmentsolution.com/public_html/unical/index.php::process::33<br>

Traced on 2024-08-15 04:46:54
FileAccessForInclusion - 
/home/u255923749/domains/smartrecruitmentsolution.com/public_html/unical/include/utils/CommonUtils.php::checkFileAccessForInclusion::388<br>
/home/u255923749/domains/smartrecruitmentsolution.com/public_html/unical/data/CRMEntity.php::checkFileAccessForInclusion::57<br>
/home/u255923749/domains/smartrecruitmentsolution.com/public_html/unical/data/CRMEntity.php::getInstance::1372<br>
/home/u255923749/domains/smartrecruitmentsolution.com/public_html/unical/data/CRMEntity.php::unlinkDependencies::1345<br>
/home/u255923749/domains/smartrecruitmentsolution.com/public_html/unical/modules/Vtiger/models/Module.php::trash::180<br>
/home/u255923749/domains/smartrecruitmentsolution.com/public_html/unical/modules/Vtiger/models/Record.php::deleteRecord::266<br>
/home/u255923749/domains/smartrecruitmentsolution.com/public_html/unical/modules/Vtiger/actions/MassDelete.php::delete::40<br>
/home/u255923749/domains/smartrecruitmentsolution.com/public_html/unical/includes/main/WebUI.php::process::215<br>
/home/u255923749/domains/smartrecruitmentsolution.com/public_html/unical/index.php::process::33<br>

Traced on 2024-08-16 07:00:40
FileAccessForInclusion - 
/home/u255923749/domains/smartrecruitmentsolution.com/public_html/unical/include/utils/CommonUtils.php::checkFileAccessForInclusion::388<br>
/home/u255923749/domains/smartrecruitmentsolution.com/public_html/unical/data/CRMEntity.php::checkFileAccessForInclusion::57<br>
/home/u255923749/domains/smartrecruitmentsolution.com/public_html/unical/data/CRMEntity.php::getInstance::1372<br>
/home/u255923749/domains/smartrecruitmentsolution.com/public_html/unical/data/CRMEntity.php::unlinkDependencies::1345<br>
/home/u255923749/domains/smartrecruitmentsolution.com/public_html/unical/modules/Vtiger/models/Module.php::trash::180<br>
/home/u255923749/domains/smartrecruitmentsolution.com/public_html/unical/modules/Vtiger/models/Record.php::deleteRecord::266<br>
/home/u255923749/domains/smartrecruitmentsolution.com/public_html/unical/modules/Vtiger/actions/MassDelete.php::delete::40<br>
/home/u255923749/domains/smartrecruitmentsolution.com/public_html/unical/includes/main/WebUI.php::process::215<br>
/home/u255923749/domains/smartrecruitmentsolution.com/public_html/unical/index.php::process::33<br>

Traced on 2024-08-16 07:00:47
FileAccessForInclusion - 
/home/u255923749/domains/smartrecruitmentsolution.com/public_html/unical/include/utils/CommonUtils.php::checkFileAccessForInclusion::388<br>
/home/u255923749/domains/smartrecruitmentsolution.com/public_html/unical/data/CRMEntity.php::checkFileAccessForInclusion::57<br>
/home/u255923749/domains/smartrecruitmentsolution.com/public_html/unical/data/CRMEntity.php::getInstance::1372<br>
/home/u255923749/domains/smartrecruitmentsolution.com/public_html/unical/data/CRMEntity.php::unlinkDependencies::1345<br>
/home/u255923749/domains/smartrecruitmentsolution.com/public_html/unical/modules/Vtiger/models/Module.php::trash::180<br>
/home/u255923749/domains/smartrecruitmentsolution.com/public_html/unical/modules/Vtiger/models/Record.php::deleteRecord::266<br>
/home/u255923749/domains/smartrecruitmentsolution.com/public_html/unical/modules/Vtiger/actions/MassDelete.php::delete::40<br>
/home/u255923749/domains/smartrecruitmentsolution.com/public_html/unical/includes/main/WebUI.php::process::215<br>
/home/u255923749/domains/smartrecruitmentsolution.com/public_html/unical/index.php::process::33<br>

Traced on 2024-08-16 07:00:52
FileAccessForInclusion - 
/home/u255923749/domains/smartrecruitmentsolution.com/public_html/unical/include/utils/CommonUtils.php::checkFileAccessForInclusion::388<br>
/home/u255923749/domains/smartrecruitmentsolution.com/public_html/unical/data/CRMEntity.php::checkFileAccessForInclusion::57<br>
/home/u255923749/domains/smartrecruitmentsolution.com/public_html/unical/data/CRMEntity.php::getInstance::1372<br>
/home/u255923749/domains/smartrecruitmentsolution.com/public_html/unical/data/CRMEntity.php::unlinkDependencies::1345<br>
/home/u255923749/domains/smartrecruitmentsolution.com/public_html/unical/modules/Vtiger/models/Module.php::trash::180<br>
/home/u255923749/domains/smartrecruitmentsolution.com/public_html/unical/modules/Vtiger/models/Record.php::deleteRecord::266<br>
/home/u255923749/domains/smartrecruitmentsolution.com/public_html/unical/modules/Vtiger/actions/MassDelete.php::delete::40<br>
/home/u255923749/domains/smartrecruitmentsolution.com/public_html/unical/includes/main/WebUI.php::process::215<br>
/home/u255923749/domains/smartrecruitmentsolution.com/public_html/unical/index.php::process::33<br>

Traced on 2024-08-16 07:01:04
FileAccessForInclusion - 
/home/u255923749/domains/smartrecruitmentsolution.com/public_html/unical/include/utils/CommonUtils.php::checkFileAccessForInclusion::388<br>
/home/u255923749/domains/smartrecruitmentsolution.com/public_html/unical/data/CRMEntity.php::checkFileAccessForInclusion::57<br>
/home/u255923749/domains/smartrecruitmentsolution.com/public_html/unical/data/CRMEntity.php::getInstance::1372<br>
/home/u255923749/domains/smartrecruitmentsolution.com/public_html/unical/data/CRMEntity.php::unlinkDependencies::1345<br>
/home/u255923749/domains/smartrecruitmentsolution.com/public_html/unical/modules/Vtiger/models/Module.php::trash::180<br>
/home/u255923749/domains/smartrecruitmentsolution.com/public_html/unical/modules/Vtiger/models/Record.php::deleteRecord::266<br>
/home/u255923749/domains/smartrecruitmentsolution.com/public_html/unical/modules/Vtiger/actions/MassDelete.php::delete::40<br>
/home/u255923749/domains/smartrecruitmentsolution.com/public_html/unical/includes/main/WebUI.php::process::215<br>
/home/u255923749/domains/smartrecruitmentsolution.com/public_html/unical/index.php::process::33<br>

Traced on 2024-08-16 07:05:59
FileAccessForInclusion - 
/home/u255923749/domains/smartrecruitmentsolution.com/public_html/unical/include/utils/CommonUtils.php::checkFileAccessForInclusion::388<br>
/home/u255923749/domains/smartrecruitmentsolution.com/public_html/unical/data/CRMEntity.php::checkFileAccessForInclusion::57<br>
/home/u255923749/domains/smartrecruitmentsolution.com/public_html/unical/data/CRMEntity.php::getInstance::1372<br>
/home/u255923749/domains/smartrecruitmentsolution.com/public_html/unical/data/CRMEntity.php::unlinkDependencies::1345<br>
/home/u255923749/domains/smartrecruitmentsolution.com/public_html/unical/modules/Vtiger/models/Module.php::trash::180<br>
/home/u255923749/domains/smartrecruitmentsolution.com/public_html/unical/modules/Vtiger/models/Record.php::deleteRecord::266<br>
/home/u255923749/domains/smartrecruitmentsolution.com/public_html/unical/modules/Vtiger/actions/MassDelete.php::delete::40<br>
/home/u255923749/domains/smartrecruitmentsolution.com/public_html/unical/includes/main/WebUI.php::process::215<br>
/home/u255923749/domains/smartrecruitmentsolution.com/public_html/unical/index.php::process::33<br>

Traced on 2024-08-16 07:06:06
FileAccessForInclusion - 
/home/u255923749/domains/smartrecruitmentsolution.com/public_html/unical/include/utils/CommonUtils.php::checkFileAccessForInclusion::388<br>
/home/u255923749/domains/smartrecruitmentsolution.com/public_html/unical/data/CRMEntity.php::checkFileAccessForInclusion::57<br>
/home/u255923749/domains/smartrecruitmentsolution.com/public_html/unical/data/CRMEntity.php::getInstance::1372<br>
/home/u255923749/domains/smartrecruitmentsolution.com/public_html/unical/data/CRMEntity.php::unlinkDependencies::1345<br>
/home/u255923749/domains/smartrecruitmentsolution.com/public_html/unical/modules/Vtiger/models/Module.php::trash::180<br>
/home/u255923749/domains/smartrecruitmentsolution.com/public_html/unical/modules/Vtiger/models/Record.php::deleteRecord::266<br>
/home/u255923749/domains/smartrecruitmentsolution.com/public_html/unical/modules/Vtiger/actions/MassDelete.php::delete::40<br>
/home/u255923749/domains/smartrecruitmentsolution.com/public_html/unical/includes/main/WebUI.php::process::215<br>
/home/u255923749/domains/smartrecruitmentsolution.com/public_html/unical/index.php::process::33<br>

Traced on 2024-08-16 07:06:11
FileAccessForInclusion - 
/home/u255923749/domains/smartrecruitmentsolution.com/public_html/unical/include/utils/CommonUtils.php::checkFileAccessForInclusion::388<br>
/home/u255923749/domains/smartrecruitmentsolution.com/public_html/unical/data/CRMEntity.php::checkFileAccessForInclusion::57<br>
/home/u255923749/domains/smartrecruitmentsolution.com/public_html/unical/data/CRMEntity.php::getInstance::1372<br>
/home/u255923749/domains/smartrecruitmentsolution.com/public_html/unical/data/CRMEntity.php::unlinkDependencies::1345<br>
/home/u255923749/domains/smartrecruitmentsolution.com/public_html/unical/modules/Vtiger/models/Module.php::trash::180<br>
/home/u255923749/domains/smartrecruitmentsolution.com/public_html/unical/modules/Vtiger/models/Record.php::deleteRecord::266<br>
/home/u255923749/domains/smartrecruitmentsolution.com/public_html/unical/modules/Vtiger/actions/MassDelete.php::delete::40<br>
/home/u255923749/domains/smartrecruitmentsolution.com/public_html/unical/includes/main/WebUI.php::process::215<br>
/home/u255923749/domains/smartrecruitmentsolution.com/public_html/unical/index.php::process::33<br>

Traced on 2024-08-16 07:06:17
FileAccessForInclusion - 
/home/u255923749/domains/smartrecruitmentsolution.com/public_html/unical/include/utils/CommonUtils.php::checkFileAccessForInclusion::388<br>
/home/u255923749/domains/smartrecruitmentsolution.com/public_html/unical/data/CRMEntity.php::checkFileAccessForInclusion::57<br>
/home/u255923749/domains/smartrecruitmentsolution.com/public_html/unical/data/CRMEntity.php::getInstance::1372<br>
/home/u255923749/domains/smartrecruitmentsolution.com/public_html/unical/data/CRMEntity.php::unlinkDependencies::1345<br>
/home/u255923749/domains/smartrecruitmentsolution.com/public_html/unical/modules/Vtiger/models/Module.php::trash::180<br>
/home/u255923749/domains/smartrecruitmentsolution.com/public_html/unical/modules/Vtiger/models/Record.php::deleteRecord::266<br>
/home/u255923749/domains/smartrecruitmentsolution.com/public_html/unical/modules/Vtiger/actions/MassDelete.php::delete::40<br>
/home/u255923749/domains/smartrecruitmentsolution.com/public_html/unical/includes/main/WebUI.php::process::215<br>
/home/u255923749/domains/smartrecruitmentsolution.com/public_html/unical/index.php::process::33<br>

Traced on 2024-08-16 09:01:42
FileAccessForInclusion - 
/home/u255923749/domains/smartrecruitmentsolution.com/public_html/techom/include/utils/CommonUtils.php::checkFileAccessForInclusion::388<br>
/home/u255923749/domains/smartrecruitmentsolution.com/public_html/techom/data/CRMEntity.php::checkFileAccessForInclusion::57<br>
/home/u255923749/domains/smartrecruitmentsolution.com/public_html/techom/data/CRMEntity.php::getInstance::1372<br>
/home/u255923749/domains/smartrecruitmentsolution.com/public_html/techom/modules/Contacts/Contacts.php::unlinkDependencies::1475<br>
/home/u255923749/domains/smartrecruitmentsolution.com/public_html/techom/data/CRMEntity.php::unlinkDependencies::1345<br>
/home/u255923749/domains/smartrecruitmentsolution.com/public_html/techom/modules/Vtiger/models/Module.php::trash::180<br>
/home/u255923749/domains/smartrecruitmentsolution.com/public_html/techom/modules/Vtiger/models/Record.php::deleteRecord::266<br>
/home/u255923749/domains/smartrecruitmentsolution.com/public_html/techom/modules/Vtiger/actions/MassDelete.php::delete::40<br>
/home/u255923749/domains/smartrecruitmentsolution.com/public_html/techom/includes/main/WebUI.php::process::215<br>
/home/u255923749/domains/smartrecruitmentsolution.com/public_html/techom/index.php::process::33<br>

Traced on 2024-08-16 09:01:56
FileAccessForInclusion - 
/home/u255923749/domains/smartrecruitmentsolution.com/public_html/techom/include/utils/CommonUtils.php::checkFileAccessForInclusion::388<br>
/home/u255923749/domains/smartrecruitmentsolution.com/public_html/techom/data/CRMEntity.php::checkFileAccessForInclusion::57<br>
/home/u255923749/domains/smartrecruitmentsolution.com/public_html/techom/data/CRMEntity.php::getInstance::1372<br>
/home/u255923749/domains/smartrecruitmentsolution.com/public_html/techom/modules/Accounts/Accounts.php::unlinkDependencies::1391<br>
/home/u255923749/domains/smartrecruitmentsolution.com/public_html/techom/data/CRMEntity.php::unlinkDependencies::1345<br>
/home/u255923749/domains/smartrecruitmentsolution.com/public_html/techom/modules/Vtiger/models/Module.php::trash::180<br>
/home/u255923749/domains/smartrecruitmentsolution.com/public_html/techom/modules/Vtiger/models/Record.php::deleteRecord::266<br>
/home/u255923749/domains/smartrecruitmentsolution.com/public_html/techom/modules/Vtiger/actions/MassDelete.php::delete::40<br>
/home/u255923749/domains/smartrecruitmentsolution.com/public_html/techom/includes/main/WebUI.php::process::215<br>
/home/u255923749/domains/smartrecruitmentsolution.com/public_html/techom/index.php::process::33<br>

Traced on 2024-08-16 09:02:04
FileAccessForInclusion - 
/home/u255923749/domains/smartrecruitmentsolution.com/public_html/techom/include/utils/CommonUtils.php::checkFileAccessForInclusion::388<br>
/home/u255923749/domains/smartrecruitmentsolution.com/public_html/techom/data/CRMEntity.php::checkFileAccessForInclusion::57<br>
/home/u255923749/domains/smartrecruitmentsolution.com/public_html/techom/data/CRMEntity.php::getInstance::1372<br>
/home/u255923749/domains/smartrecruitmentsolution.com/public_html/techom/modules/Accounts/Accounts.php::unlinkDependencies::1391<br>
/home/u255923749/domains/smartrecruitmentsolution.com/public_html/techom/data/CRMEntity.php::unlinkDependencies::1345<br>
/home/u255923749/domains/smartrecruitmentsolution.com/public_html/techom/modules/Vtiger/models/Module.php::trash::180<br>
/home/u255923749/domains/smartrecruitmentsolution.com/public_html/techom/modules/Vtiger/models/Record.php::deleteRecord::266<br>
/home/u255923749/domains/smartrecruitmentsolution.com/public_html/techom/modules/Vtiger/actions/MassDelete.php::delete::40<br>
/home/u255923749/domains/smartrecruitmentsolution.com/public_html/techom/includes/main/WebUI.php::process::215<br>
/home/u255923749/domains/smartrecruitmentsolution.com/public_html/techom/index.php::process::33<br>

Traced on 2024-08-16 09:02:12
FileAccessForInclusion - 
/home/u255923749/domains/smartrecruitmentsolution.com/public_html/techom/include/utils/CommonUtils.php::checkFileAccessForInclusion::388<br>
/home/u255923749/domains/smartrecruitmentsolution.com/public_html/techom/data/CRMEntity.php::checkFileAccessForInclusion::57<br>
/home/u255923749/domains/smartrecruitmentsolution.com/public_html/techom/data/CRMEntity.php::getInstance::1372<br>
/home/u255923749/domains/smartrecruitmentsolution.com/public_html/techom/modules/Accounts/Accounts.php::unlinkDependencies::1391<br>
/home/u255923749/domains/smartrecruitmentsolution.com/public_html/techom/data/CRMEntity.php::unlinkDependencies::1345<br>
/home/u255923749/domains/smartrecruitmentsolution.com/public_html/techom/modules/Vtiger/models/Module.php::trash::180<br>
/home/u255923749/domains/smartrecruitmentsolution.com/public_html/techom/modules/Vtiger/models/Record.php::deleteRecord::266<br>
/home/u255923749/domains/smartrecruitmentsolution.com/public_html/techom/modules/Vtiger/actions/MassDelete.php::delete::40<br>
/home/u255923749/domains/smartrecruitmentsolution.com/public_html/techom/includes/main/WebUI.php::process::215<br>
/home/u255923749/domains/smartrecruitmentsolution.com/public_html/techom/index.php::process::33<br>

Traced on 2024-08-16 09:02:16
FileAccessForInclusion - 
/home/u255923749/domains/smartrecruitmentsolution.com/public_html/techom/include/utils/CommonUtils.php::checkFileAccessForInclusion::388<br>
/home/u255923749/domains/smartrecruitmentsolution.com/public_html/techom/data/CRMEntity.php::checkFileAccessForInclusion::57<br>
/home/u255923749/domains/smartrecruitmentsolution.com/public_html/techom/data/CRMEntity.php::getInstance::1372<br>
/home/u255923749/domains/smartrecruitmentsolution.com/public_html/techom/modules/Accounts/Accounts.php::unlinkDependencies::1391<br>
/home/u255923749/domains/smartrecruitmentsolution.com/public_html/techom/data/CRMEntity.php::unlinkDependencies::1345<br>
/home/u255923749/domains/smartrecruitmentsolution.com/public_html/techom/modules/Vtiger/models/Module.php::trash::180<br>
/home/u255923749/domains/smartrecruitmentsolution.com/public_html/techom/modules/Vtiger/models/Record.php::deleteRecord::266<br>
/home/u255923749/domains/smartrecruitmentsolution.com/public_html/techom/modules/Vtiger/actions/MassDelete.php::delete::40<br>
/home/u255923749/domains/smartrecruitmentsolution.com/public_html/techom/includes/main/WebUI.php::process::215<br>
/home/u255923749/domains/smartrecruitmentsolution.com/public_html/techom/index.php::process::33<br>

Traced on 2024-08-16 09:02:20
FileAccessForInclusion - 
/home/u255923749/domains/smartrecruitmentsolution.com/public_html/techom/include/utils/CommonUtils.php::checkFileAccessForInclusion::388<br>
/home/u255923749/domains/smartrecruitmentsolution.com/public_html/techom/data/CRMEntity.php::checkFileAccessForInclusion::57<br>
/home/u255923749/domains/smartrecruitmentsolution.com/public_html/techom/data/CRMEntity.php::getInstance::1372<br>
/home/u255923749/domains/smartrecruitmentsolution.com/public_html/techom/modules/Accounts/Accounts.php::unlinkDependencies::1391<br>
/home/u255923749/domains/smartrecruitmentsolution.com/public_html/techom/data/CRMEntity.php::unlinkDependencies::1345<br>
/home/u255923749/domains/smartrecruitmentsolution.com/public_html/techom/modules/Vtiger/models/Module.php::trash::180<br>
/home/u255923749/domains/smartrecruitmentsolution.com/public_html/techom/modules/Vtiger/models/Record.php::deleteRecord::266<br>
/home/u255923749/domains/smartrecruitmentsolution.com/public_html/techom/modules/Vtiger/actions/MassDelete.php::delete::40<br>
/home/u255923749/domains/smartrecruitmentsolution.com/public_html/techom/includes/main/WebUI.php::process::215<br>
/home/u255923749/domains/smartrecruitmentsolution.com/public_html/techom/index.php::process::33<br>

Traced on 2024-08-16 09:02:24
FileAccessForInclusion - 
/home/u255923749/domains/smartrecruitmentsolution.com/public_html/techom/include/utils/CommonUtils.php::checkFileAccessForInclusion::388<br>
/home/u255923749/domains/smartrecruitmentsolution.com/public_html/techom/data/CRMEntity.php::checkFileAccessForInclusion::57<br>
/home/u255923749/domains/smartrecruitmentsolution.com/public_html/techom/data/CRMEntity.php::getInstance::1372<br>
/home/u255923749/domains/smartrecruitmentsolution.com/public_html/techom/modules/Accounts/Accounts.php::unlinkDependencies::1391<br>
/home/u255923749/domains/smartrecruitmentsolution.com/public_html/techom/data/CRMEntity.php::unlinkDependencies::1345<br>
/home/u255923749/domains/smartrecruitmentsolution.com/public_html/techom/modules/Vtiger/models/Module.php::trash::180<br>
/home/u255923749/domains/smartrecruitmentsolution.com/public_html/techom/modules/Vtiger/models/Record.php::deleteRecord::266<br>
/home/u255923749/domains/smartrecruitmentsolution.com/public_html/techom/modules/Vtiger/actions/MassDelete.php::delete::40<br>
/home/u255923749/domains/smartrecruitmentsolution.com/public_html/techom/includes/main/WebUI.php::process::215<br>
/home/u255923749/domains/smartrecruitmentsolution.com/public_html/techom/index.php::process::33<br>

Traced on 2024-08-16 09:02:49
FileAccessForInclusion - 
/home/u255923749/domains/smartrecruitmentsolution.com/public_html/techom/include/utils/CommonUtils.php::checkFileAccessForInclusion::388<br>
/home/u255923749/domains/smartrecruitmentsolution.com/public_html/techom/data/CRMEntity.php::checkFileAccessForInclusion::57<br>
/home/u255923749/domains/smartrecruitmentsolution.com/public_html/techom/data/CRMEntity.php::getInstance::1372<br>
/home/u255923749/domains/smartrecruitmentsolution.com/public_html/techom/modules/Accounts/Accounts.php::unlinkDependencies::1391<br>
/home/u255923749/domains/smartrecruitmentsolution.com/public_html/techom/data/CRMEntity.php::unlinkDependencies::1345<br>
/home/u255923749/domains/smartrecruitmentsolution.com/public_html/techom/modules/Vtiger/models/Module.php::trash::180<br>
/home/u255923749/domains/smartrecruitmentsolution.com/public_html/techom/modules/Vtiger/models/Record.php::deleteRecord::266<br>
/home/u255923749/domains/smartrecruitmentsolution.com/public_html/techom/modules/Vtiger/actions/MassDelete.php::delete::40<br>
/home/u255923749/domains/smartrecruitmentsolution.com/public_html/techom/includes/main/WebUI.php::process::215<br>
/home/u255923749/domains/smartrecruitmentsolution.com/public_html/techom/index.php::process::33<br>

Traced on 2024-08-16 09:09:41
FileAccessForInclusion - 
/home/u255923749/domains/smartrecruitmentsolution.com/public_html/techom/include/utils/CommonUtils.php::checkFileAccessForInclusion::388<br>
/home/u255923749/domains/smartrecruitmentsolution.com/public_html/techom/data/CRMEntity.php::checkFileAccessForInclusion::57<br>
/home/u255923749/domains/smartrecruitmentsolution.com/public_html/techom/data/CRMEntity.php::getInstance::1372<br>
/home/u255923749/domains/smartrecruitmentsolution.com/public_html/techom/modules/Contacts/Contacts.php::unlinkDependencies::1475<br>
/home/u255923749/domains/smartrecruitmentsolution.com/public_html/techom/data/CRMEntity.php::unlinkDependencies::1345<br>
/home/u255923749/domains/smartrecruitmentsolution.com/public_html/techom/modules/Vtiger/models/Module.php::trash::180<br>
/home/u255923749/domains/smartrecruitmentsolution.com/public_html/techom/modules/Vtiger/models/Record.php::deleteRecord::266<br>
/home/u255923749/domains/smartrecruitmentsolution.com/public_html/techom/modules/Vtiger/actions/MassDelete.php::delete::40<br>
/home/u255923749/domains/smartrecruitmentsolution.com/public_html/techom/includes/main/WebUI.php::process::215<br>
/home/u255923749/domains/smartrecruitmentsolution.com/public_html/techom/index.php::process::33<br>

Traced on 2024-08-16 09:09:47
FileAccessForInclusion - 
/home/u255923749/domains/smartrecruitmentsolution.com/public_html/techom/include/utils/CommonUtils.php::checkFileAccessForInclusion::388<br>
/home/u255923749/domains/smartrecruitmentsolution.com/public_html/techom/data/CRMEntity.php::checkFileAccessForInclusion::57<br>
/home/u255923749/domains/smartrecruitmentsolution.com/public_html/techom/data/CRMEntity.php::getInstance::1372<br>
/home/u255923749/domains/smartrecruitmentsolution.com/public_html/techom/modules/Contacts/Contacts.php::unlinkDependencies::1475<br>
/home/u255923749/domains/smartrecruitmentsolution.com/public_html/techom/data/CRMEntity.php::unlinkDependencies::1345<br>
/home/u255923749/domains/smartrecruitmentsolution.com/public_html/techom/modules/Vtiger/models/Module.php::trash::180<br>
/home/u255923749/domains/smartrecruitmentsolution.com/public_html/techom/modules/Vtiger/models/Record.php::deleteRecord::266<br>
/home/u255923749/domains/smartrecruitmentsolution.com/public_html/techom/modules/Vtiger/actions/MassDelete.php::delete::40<br>
/home/u255923749/domains/smartrecruitmentsolution.com/public_html/techom/includes/main/WebUI.php::process::215<br>
/home/u255923749/domains/smartrecruitmentsolution.com/public_html/techom/index.php::process::33<br>

Traced on 2024-08-16 09:09:51
FileAccessForInclusion - 
/home/u255923749/domains/smartrecruitmentsolution.com/public_html/techom/include/utils/CommonUtils.php::checkFileAccessForInclusion::388<br>
/home/u255923749/domains/smartrecruitmentsolution.com/public_html/techom/data/CRMEntity.php::checkFileAccessForInclusion::57<br>
/home/u255923749/domains/smartrecruitmentsolution.com/public_html/techom/data/CRMEntity.php::getInstance::1372<br>
/home/u255923749/domains/smartrecruitmentsolution.com/public_html/techom/modules/Contacts/Contacts.php::unlinkDependencies::1475<br>
/home/u255923749/domains/smartrecruitmentsolution.com/public_html/techom/data/CRMEntity.php::unlinkDependencies::1345<br>
/home/u255923749/domains/smartrecruitmentsolution.com/public_html/techom/modules/Vtiger/models/Module.php::trash::180<br>
/home/u255923749/domains/smartrecruitmentsolution.com/public_html/techom/modules/Vtiger/models/Record.php::deleteRecord::266<br>
/home/u255923749/domains/smartrecruitmentsolution.com/public_html/techom/modules/Vtiger/actions/MassDelete.php::delete::40<br>
/home/u255923749/domains/smartrecruitmentsolution.com/public_html/techom/includes/main/WebUI.php::process::215<br>
/home/u255923749/domains/smartrecruitmentsolution.com/public_html/techom/index.php::process::33<br>

Traced on 2024-08-16 09:09:55
FileAccessForInclusion - 
/home/u255923749/domains/smartrecruitmentsolution.com/public_html/techom/include/utils/CommonUtils.php::checkFileAccessForInclusion::388<br>
/home/u255923749/domains/smartrecruitmentsolution.com/public_html/techom/data/CRMEntity.php::checkFileAccessForInclusion::57<br>
/home/u255923749/domains/smartrecruitmentsolution.com/public_html/techom/data/CRMEntity.php::getInstance::1372<br>
/home/u255923749/domains/smartrecruitmentsolution.com/public_html/techom/modules/Contacts/Contacts.php::unlinkDependencies::1475<br>
/home/u255923749/domains/smartrecruitmentsolution.com/public_html/techom/data/CRMEntity.php::unlinkDependencies::1345<br>
/home/u255923749/domains/smartrecruitmentsolution.com/public_html/techom/modules/Vtiger/models/Module.php::trash::180<br>
/home/u255923749/domains/smartrecruitmentsolution.com/public_html/techom/modules/Vtiger/models/Record.php::deleteRecord::266<br>
/home/u255923749/domains/smartrecruitmentsolution.com/public_html/techom/modules/Vtiger/actions/MassDelete.php::delete::40<br>
/home/u255923749/domains/smartrecruitmentsolution.com/public_html/techom/includes/main/WebUI.php::process::215<br>
/home/u255923749/domains/smartrecruitmentsolution.com/public_html/techom/index.php::process::33<br>

Traced on 2024-08-16 09:10:08
FileAccessForInclusion - 
/home/u255923749/domains/smartrecruitmentsolution.com/public_html/techom/include/utils/CommonUtils.php::checkFileAccessForInclusion::388<br>
/home/u255923749/domains/smartrecruitmentsolution.com/public_html/techom/data/CRMEntity.php::checkFileAccessForInclusion::57<br>
/home/u255923749/domains/smartrecruitmentsolution.com/public_html/techom/data/CRMEntity.php::getInstance::1372<br>
/home/u255923749/domains/smartrecruitmentsolution.com/public_html/techom/modules/Contacts/Contacts.php::unlinkDependencies::1475<br>
/home/u255923749/domains/smartrecruitmentsolution.com/public_html/techom/data/CRMEntity.php::unlinkDependencies::1345<br>
/home/u255923749/domains/smartrecruitmentsolution.com/public_html/techom/modules/Vtiger/models/Module.php::trash::180<br>
/home/u255923749/domains/smartrecruitmentsolution.com/public_html/techom/modules/Vtiger/models/Record.php::deleteRecord::266<br>
/home/u255923749/domains/smartrecruitmentsolution.com/public_html/techom/modules/Vtiger/actions/MassDelete.php::delete::40<br>
/home/u255923749/domains/smartrecruitmentsolution.com/public_html/techom/includes/main/WebUI.php::process::215<br>
/home/u255923749/domains/smartrecruitmentsolution.com/public_html/techom/index.php::process::33<br>

Traced on 2024-08-16 09:10:13
FileAccessForInclusion - 
/home/u255923749/domains/smartrecruitmentsolution.com/public_html/techom/include/utils/CommonUtils.php::checkFileAccessForInclusion::388<br>
/home/u255923749/domains/smartrecruitmentsolution.com/public_html/techom/data/CRMEntity.php::checkFileAccessForInclusion::57<br>
/home/u255923749/domains/smartrecruitmentsolution.com/public_html/techom/data/CRMEntity.php::getInstance::1372<br>
/home/u255923749/domains/smartrecruitmentsolution.com/public_html/techom/modules/Contacts/Contacts.php::unlinkDependencies::1475<br>
/home/u255923749/domains/smartrecruitmentsolution.com/public_html/techom/data/CRMEntity.php::unlinkDependencies::1345<br>
/home/u255923749/domains/smartrecruitmentsolution.com/public_html/techom/modules/Vtiger/models/Module.php::trash::180<br>
/home/u255923749/domains/smartrecruitmentsolution.com/public_html/techom/modules/Vtiger/models/Record.php::deleteRecord::266<br>
/home/u255923749/domains/smartrecruitmentsolution.com/public_html/techom/modules/Vtiger/actions/MassDelete.php::delete::40<br>
/home/u255923749/domains/smartrecruitmentsolution.com/public_html/techom/includes/main/WebUI.php::process::215<br>
/home/u255923749/domains/smartrecruitmentsolution.com/public_html/techom/index.php::process::33<br>

Traced on 2024-08-16 09:10:25
FileAccessForInclusion - 
/home/u255923749/domains/smartrecruitmentsolution.com/public_html/techom/include/utils/CommonUtils.php::checkFileAccessForInclusion::388<br>
/home/u255923749/domains/smartrecruitmentsolution.com/public_html/techom/data/CRMEntity.php::checkFileAccessForInclusion::57<br>
/home/u255923749/domains/smartrecruitmentsolution.com/public_html/techom/data/CRMEntity.php::getInstance::1372<br>
/home/u255923749/domains/smartrecruitmentsolution.com/public_html/techom/modules/Contacts/Contacts.php::unlinkDependencies::1475<br>
/home/u255923749/domains/smartrecruitmentsolution.com/public_html/techom/data/CRMEntity.php::unlinkDependencies::1345<br>
/home/u255923749/domains/smartrecruitmentsolution.com/public_html/techom/modules/Vtiger/models/Module.php::trash::180<br>
/home/u255923749/domains/smartrecruitmentsolution.com/public_html/techom/modules/Vtiger/models/Record.php::deleteRecord::266<br>
/home/u255923749/domains/smartrecruitmentsolution.com/public_html/techom/modules/Vtiger/actions/MassDelete.php::delete::40<br>
/home/u255923749/domains/smartrecruitmentsolution.com/public_html/techom/includes/main/WebUI.php::process::215<br>
/home/u255923749/domains/smartrecruitmentsolution.com/public_html/techom/index.php::process::33<br>

Traced on 2024-08-16 09:10:32
FileAccessForInclusion - 
/home/u255923749/domains/smartrecruitmentsolution.com/public_html/techom/include/utils/CommonUtils.php::checkFileAccessForInclusion::388<br>
/home/u255923749/domains/smartrecruitmentsolution.com/public_html/techom/data/CRMEntity.php::checkFileAccessForInclusion::57<br>
/home/u255923749/domains/smartrecruitmentsolution.com/public_html/techom/data/CRMEntity.php::getInstance::1372<br>
/home/u255923749/domains/smartrecruitmentsolution.com/public_html/techom/modules/Accounts/Accounts.php::unlinkDependencies::1391<br>
/home/u255923749/domains/smartrecruitmentsolution.com/public_html/techom/data/CRMEntity.php::unlinkDependencies::1345<br>
/home/u255923749/domains/smartrecruitmentsolution.com/public_html/techom/modules/Vtiger/models/Module.php::trash::180<br>
/home/u255923749/domains/smartrecruitmentsolution.com/public_html/techom/modules/Vtiger/models/Record.php::deleteRecord::266<br>
/home/u255923749/domains/smartrecruitmentsolution.com/public_html/techom/modules/Vtiger/actions/MassDelete.php::delete::40<br>
/home/u255923749/domains/smartrecruitmentsolution.com/public_html/techom/includes/main/WebUI.php::process::215<br>
/home/u255923749/domains/smartrecruitmentsolution.com/public_html/techom/index.php::process::33<br>

Traced on 2024-08-16 09:30:09
FileAccessForInclusion - 
/home/u255923749/domains/smartrecruitmentsolution.com/public_html/techom/include/utils/CommonUtils.php::checkFileAccessForInclusion::388<br>
/home/u255923749/domains/smartrecruitmentsolution.com/public_html/techom/data/CRMEntity.php::checkFileAccessForInclusion::57<br>
/home/u255923749/domains/smartrecruitmentsolution.com/public_html/techom/data/CRMEntity.php::getInstance::1372<br>
/home/u255923749/domains/smartrecruitmentsolution.com/public_html/techom/modules/Calendar/Activity.php::unlinkDependencies::902<br>
/home/u255923749/domains/smartrecruitmentsolution.com/public_html/techom/data/CRMEntity.php::unlinkDependencies::1345<br>
/home/u255923749/domains/smartrecruitmentsolution.com/public_html/techom/modules/Vtiger/models/Module.php::trash::180<br>
/home/u255923749/domains/smartrecruitmentsolution.com/public_html/techom/modules/Calendar/models/Record.php::deleteRecord::134<br>
/home/u255923749/domains/smartrecruitmentsolution.com/public_html/techom/modules/Calendar/actions/MassDelete.php::delete::29<br>
/home/u255923749/domains/smartrecruitmentsolution.com/public_html/techom/includes/main/WebUI.php::process::215<br>
/home/u255923749/domains/smartrecruitmentsolution.com/public_html/techom/index.php::process::33<br>

Traced on 2024-08-16 09:30:28
FileAccessForInclusion - 
/home/u255923749/domains/smartrecruitmentsolution.com/public_html/techom/include/utils/CommonUtils.php::checkFileAccessForInclusion::388<br>
/home/u255923749/domains/smartrecruitmentsolution.com/public_html/techom/data/CRMEntity.php::checkFileAccessForInclusion::57<br>
/home/u255923749/domains/smartrecruitmentsolution.com/public_html/techom/data/CRMEntity.php::getInstance::1372<br>
/home/u255923749/domains/smartrecruitmentsolution.com/public_html/techom/modules/Calendar/Activity.php::unlinkDependencies::902<br>
/home/u255923749/domains/smartrecruitmentsolution.com/public_html/techom/data/CRMEntity.php::unlinkDependencies::1345<br>
/home/u255923749/domains/smartrecruitmentsolution.com/public_html/techom/modules/Vtiger/models/Module.php::trash::180<br>
/home/u255923749/domains/smartrecruitmentsolution.com/public_html/techom/modules/Calendar/models/Record.php::deleteRecord::134<br>
/home/u255923749/domains/smartrecruitmentsolution.com/public_html/techom/modules/Calendar/actions/MassDelete.php::delete::29<br>
/home/u255923749/domains/smartrecruitmentsolution.com/public_html/techom/includes/main/WebUI.php::process::215<br>
/home/u255923749/domains/smartrecruitmentsolution.com/public_html/techom/index.php::process::33<br>

Traced on 2024-08-23 12:53:42
FileAccessForInclusion - 
/home/u255923749/domains/smartrecruitmentsolution.com/public_html/techom/include/utils/CommonUtils.php::checkFileAccessForInclusion::388<br>
/home/u255923749/domains/smartrecruitmentsolution.com/public_html/techom/data/CRMEntity.php::checkFileAccessForInclusion::57<br>
/home/u255923749/domains/smartrecruitmentsolution.com/public_html/techom/data/CRMEntity.php::getInstance::1372<br>
/home/u255923749/domains/smartrecruitmentsolution.com/public_html/techom/modules/Contacts/Contacts.php::unlinkDependencies::1475<br>
/home/u255923749/domains/smartrecruitmentsolution.com/public_html/techom/data/CRMEntity.php::unlinkDependencies::1345<br>
/home/u255923749/domains/smartrecruitmentsolution.com/public_html/techom/modules/Vtiger/models/Module.php::trash::180<br>
/home/u255923749/domains/smartrecruitmentsolution.com/public_html/techom/modules/Vtiger/models/Record.php::deleteRecord::266<br>
/home/u255923749/domains/smartrecruitmentsolution.com/public_html/techom/modules/Vtiger/actions/MassDelete.php::delete::40<br>
/home/u255923749/domains/smartrecruitmentsolution.com/public_html/techom/includes/main/WebUI.php::process::215<br>
/home/u255923749/domains/smartrecruitmentsolution.com/public_html/techom/index.php::process::33<br>

Traced on 2024-09-03 09:05:44
FileAccessForInclusion - 
/home/u255923749/domains/smartrecruitmentsolution.com/public_html/techom/include/utils/CommonUtils.php::checkFileAccessForInclusion::388<br>
/home/u255923749/domains/smartrecruitmentsolution.com/public_html/techom/data/CRMEntity.php::checkFileAccessForInclusion::57<br>
/home/u255923749/domains/smartrecruitmentsolution.com/public_html/techom/data/CRMEntity.php::getInstance::1372<br>
/home/u255923749/domains/smartrecruitmentsolution.com/public_html/techom/data/CRMEntity.php::unlinkDependencies::1345<br>
/home/u255923749/domains/smartrecruitmentsolution.com/public_html/techom/modules/Vtiger/models/Module.php::trash::180<br>
/home/u255923749/domains/smartrecruitmentsolution.com/public_html/techom/modules/Vtiger/models/Record.php::deleteRecord::266<br>
/home/u255923749/domains/smartrecruitmentsolution.com/public_html/techom/modules/Vtiger/actions/DeleteAjax.php::delete::18<br>
/home/u255923749/domains/smartrecruitmentsolution.com/public_html/techom/includes/main/WebUI.php::process::215<br>
/home/u255923749/domains/smartrecruitmentsolution.com/public_html/techom/index.php::process::33<br>

